<?xml version="1.0" encoding="UTF-8"?>
<testsuite name="theatricalplays.StatementPrinterTests" tests="2" skipped="0" failures="0" errors="0" timestamp="2026-05-14T01:20:33.626Z" hostname="DESKTOP-7D2NHJJ" time="1.435">
  <properties/>
  <testcase name="exampleStatement()" classname="theatricalplays.StatementPrinterTests" time="1.367"/>
  <testcase name="statementWithNewPlayTypes()" classname="theatricalplays.StatementPrinterTests" time="0.065"/>
  <system-out><![CDATA[]]></system-out>
  <system-err><![CDATA[]]></system-err>
</testsuite>
